\BOOKMARK [0][-]{chapter*.1}{摘要}{}% 1
\BOOKMARK [0][-]{chapter*.2}{ABSTRACT}{}% 2
\BOOKMARK [0][-]{chapter*.3}{目  录}{}% 3
\BOOKMARK [0][-]{chapter*.4}{插图索引}{}% 4
\BOOKMARK [0][-]{chapter*.5}{表格索引}{}% 5
\BOOKMARK [0][-]{chapter*.6}{主要符号对照表}{}% 6
\BOOKMARK [0][-]{chapter.1}{第一章  绪论}{}% 7
\BOOKMARK [1][-]{section.1.1}{1.1 研究背景}{chapter.1}% 8
\BOOKMARK [1][-]{section.1.2}{1.2 国内外研究现状}{chapter.1}% 9
\BOOKMARK [2][-]{subsection.1.2.1}{1.2.1 流体模拟的基本方法}{section.1.2}% 10
\BOOKMARK [2][-]{subsection.1.2.2}{1.2.2 流体模拟优化方法}{section.1.2}% 11
\BOOKMARK [2][-]{subsection.1.2.3}{1.2.3 过完备稀疏字典技术}{section.1.2}% 12
\BOOKMARK [1][-]{section.1.3}{1.3 本文的主要工作及创新点}{chapter.1}% 13
\BOOKMARK [2][-]{subsection.1.3.1}{1.3.1 主要研究工作}{section.1.3}% 14
\BOOKMARK [2][-]{subsection.1.3.2}{1.3.2 本文创新点}{section.1.3}% 15
\BOOKMARK [1][-]{section.1.4}{1.4 本文组织结构}{chapter.1}% 16
\BOOKMARK [0][-]{chapter.2}{第二章  流体模拟的基本方法与框架}{}% 17
\BOOKMARK [1][-]{section.2.1}{2.1 Navier-Stokes方程组}{chapter.2}% 18
\BOOKMARK [2][-]{subsection.2.1.1}{2.1.1 Navier-Stokes方程组的描述形式}{section.2.1}% 19
\BOOKMARK [2][-]{subsection.2.1.2}{2.1.2 Navier-Stokes方程组的意义}{section.2.1}% 20
\BOOKMARK [2][-]{subsection.2.1.3}{2.1.3 忽略粘性力作用}{section.2.1}% 21
\BOOKMARK [1][-]{section.2.2}{2.2 流体模拟的基本方法与框架}{chapter.2}% 22
\BOOKMARK [2][-]{subsection.2.2.1}{2.2.1 欧拉方法网格介绍}{section.2.2}% 23
\BOOKMARK [0][-]{chapter.3}{第三章  常见问题与故障排除}{}% 24
\BOOKMARK [0][-]{chapter.4}{第四章  常见问题与故障排除}{}% 25
\BOOKMARK [1][-]{section.4.1}{4.1 参考文献管理}{chapter.4}% 26
\BOOKMARK [2][-]{subsection.4.1.1}{4.1.1 在正文中引用参考文献}{section.4.1}% 27
\BOOKMARK [0][-]{chapter*.20}{全文总结}{}% 28
\BOOKMARK [0][-]{appendix.A}{附录 A  模板更新记录}{}% 29
\BOOKMARK [0][-]{appendix.B}{附录 B  Maxwell Equations}{}% 30
\BOOKMARK [0][-]{appendix*.21}{参考文献}{}% 31
\BOOKMARK [0][-]{appendix*.22}{致  谢}{}% 32
\BOOKMARK [0][-]{appendix*.23}{攻读学位期间发表的学术论文目录}{}% 33
\BOOKMARK [0][-]{appendix*.24}{攻读学位期间参与的项目}{}% 34
